<?xml version="1.0" encoding="UTF-8"?>
<testng-results ignored="0" total="1" passed="1" failed="0" skipped="0">
  <reporter-output>
  </reporter-output>
  <suite started-at="2021-10-03T16:47:44 CEST" name="Default suite" finished-at="2021-10-03T16:47:45 CEST" duration-ms="834">
    <groups>
      <group name="cucumber">
        <method signature="AbstractTestNGCucumberTests.runScenario(io.cucumber.testng.PickleWrapper, io.cucumber.testng.FeatureWrapper)[pri:0, instance:runners.API_TestRunner_Tests@cd3fee8]" name="runScenario" class="io.cucumber.testng.AbstractTestNGCucumberTests"/>
      </group> <!-- cucumber -->
    </groups>
    <test started-at="2021-10-03T16:47:44 CEST" name="Default test" finished-at="2021-10-03T16:47:45 CEST" duration-ms="834">
      <class name="runners.API_TestRunner_Tests">
        <test-method is-config="true" signature="setUpClass()[pri:0, instance:runners.API_TestRunner_Tests@cd3fee8]" started-at="2021-10-03T16:47:44 CEST" name="setUpClass" finished-at="2021-10-03T16:47:45 CEST" duration-ms="472" status="PASS">
          <reporter-output>
          </reporter-output>
        </test-method> <!-- setUpClass -->
        <test-method signature="runScenario(io.cucumber.testng.PickleWrapper, io.cucumber.testng.FeatureWrapper)[pri:0, instance:runners.API_TestRunner_Tests@cd3fee8]" started-at="2021-10-03T16:47:45 CEST" name="runScenario" description="Runs Cucumber Scenarios" data-provider="scenarios" finished-at="2021-10-03T16:47:45 CEST" duration-ms="146" status="PASS">
          <params>
            <param index="0">
              <value>
                <![CDATA["Title of your scenario outline"]]>
              </value>
            </param>
            <param index="1">
              <value>
                <![CDATA["Optional[Title of your feature]"]]>
              </value>
            </param>
          </params>
          <reporter-output>
          </reporter-output>
        </test-method> <!-- runScenario -->
        <test-method is-config="true" signature="tearDownClass()[pri:0, instance:runners.API_TestRunner_Tests@cd3fee8]" started-at="2021-10-03T16:47:45 CEST" name="tearDownClass" finished-at="2021-10-03T16:47:45 CEST" duration-ms="183" status="PASS">
          <reporter-output>
          </reporter-output>
        </test-method> <!-- tearDownClass -->
      </class> <!-- runners.API_TestRunner_Tests -->
    </test> <!-- Default test -->
  </suite> <!-- Default suite -->
</testng-results>
